<?xml version="1.0" encoding="UTF-8"?>
<testsuite xmlns:xsi="http://www.w3.org/2001/XMLSchema-instance" xsi:noNamespaceSchemaLocation="https://maven.apache.org/surefire/maven-surefire-plugin/xsd/surefire-test-report-3.0.xsd" version="3.0" name="repository.BudgetRepositoryTests" time="1.632" tests="6" errors="0" skipped="0" failures="2">
  <properties>
[...]
</properties>
  <testcase name="testQueryAllRowsFromCategoryTable" classname="repository.BudgetRepositoryTests" time="0.274">
    <system-out><![CDATA[
  .   ____          _            __ _ _
 /\\ / ___'_ __ _ _(_)_ __  __ _ \ \ \ \
( ( )\___ | '_ | '_| | '_ \/ _` | \ \ \ \
 \\/  ___)| |_)| | | | | || (_| |  ) ) ) )
  '  |____| .__|_| |_|_| |_\__, | / / / /
 =========|_|==============|___/=/_/_/_/
 :: Spring Boot ::                (v3.2.5)

2026-04-17T11:31:22.663+02:00  INFO 34354 --- [           main] repository.BudgetRepositoryTests         : Starting BudgetRepositoryTests using Java 25.0.2 with PID 34354 (started by oscarcaddeo in /Users/oscarcaddeo/Code/KEX/BudgetPlanner-TDD)
2026-04-17T11:31:22.664+02:00  INFO 34354 --- [           main] repository.BudgetRepositoryTests         : No active profile set, falling back to 1 default profile: "default"
2026-04-17T11:31:22.904+02:00  INFO 34354 --- [           main] .s.d.r.c.RepositoryConfigurationDelegate : Bootstrapping Spring Data JPA repositories in DEFAULT mode.
2026-04-17T11:31:22.911+02:00  INFO 34354 --- [           main] .s.d.r.c.RepositoryConfigurationDelegate : Finished Spring Data repository scanning in 4 ms. Found 0 JPA repository interfaces.
2026-04-17T11:31:23.066+02:00  INFO 34354 --- [           main] o.hibernate.jpa.internal.util.LogHelper  : HHH000204: Processing PersistenceUnitInfo [name: default]
2026-04-17T11:31:23.092+02:00  INFO 34354 --- [           main] org.hibernate.Version                    : HHH000412: Hibernate ORM core version 6.4.4.Final
2026-04-17T11:31:23.107+02:00  INFO 34354 --- [           main] o.h.c.internal.RegionFactoryInitiator    : HHH000026: Second-level cache disabled
2026-04-17T11:31:23.213+02:00  INFO 34354 --- [           main] o.s.o.j.p.SpringPersistenceUnitInfo      : No LoadTimeWeaver setup: ignoring JPA class transformer
2026-04-17T11:31:23.224+02:00  INFO 34354 --- [           main] com.zaxxer.hikari.HikariDataSource       : HikariPool-1 - Starting...
2026-04-17T11:31:23.329+02:00  INFO 34354 --- [           main] com.zaxxer.hikari.pool.HikariPool        : HikariPool-1 - Added connection org.postgresql.jdbc.PgConnection@3e43f049
2026-04-17T11:31:23.330+02:00  INFO 34354 --- [           main] com.zaxxer.hikari.HikariDataSource       : HikariPool-1 - Start completed.
2026-04-17T11:31:23.349+02:00  WARN 34354 --- [           main] org.hibernate.orm.deprecation            : HHH90000025: PostgreSQLDialect does not need to be specified explicitly using 'hibernate.dialect' (remove the property setting and it will be selected by default)
2026-04-17T11:31:23.494+02:00  INFO 34354 --- [           main] o.h.e.t.j.p.i.JtaPlatformInitiator       : HHH000489: No JTA platform available (set 'hibernate.transaction.jta.platform' to enable JTA platform integration)
2026-04-17T11:31:23.495+02:00  INFO 34354 --- [           main] j.LocalContainerEntityManagerFactoryBean : Initialized JPA EntityManagerFactory for persistence unit 'default'
2026-04-17T11:31:23.589+02:00  WARN 34354 --- [           main] JpaBaseConfiguration$JpaWebConfiguration : spring.jpa.open-in-view is enabled by default. Therefore, database queries may be performed during view rendering. Explicitly configure spring.jpa.open-in-view to disable this warning
2026-04-17T11:31:23.754+02:00  INFO 34354 --- [           main] repository.BudgetRepositoryTests         : Started BudgetRepositoryTests in 1.187 seconds (process running for 1.539)
Executing SQL: SELECT * FROM category
]]></system-out>
    <system-err><![CDATA[WARNING: A Java agent has been loaded dynamically (/Users/oscarcaddeo/.m2/repository/net/bytebuddy/byte-buddy-agent/1.14.13/byte-buddy-agent-1.14.13.jar)
WARNING: If a serviceability tool is in use, please run with -XX:+EnableDynamicAgentLoading to hide this warning
WARNING: If a serviceability tool is not in use, please run with -Djdk.instrument.traceUsage for more information
WARNING: Dynamic loading of agents will be disallowed by default in a future release
]]></system-err>
  </testcase>
  <testcase name="testQueryAllRowsFromIncomeTable" classname="repository.BudgetRepositoryTests" time="0.002">
    <system-out><![CDATA[Executing SQL: SELECT * FROM income
]]></system-out>
  </testcase>
  <testcase name="testQueryAllRowsFromNonExistentTableThrows" classname="repository.BudgetRepositoryTests" time="0.008">
    <system-out><![CDATA[Executing SQL: SELECT * FROM nonexistent_table
]]></system-out>
  </testcase>
  <testcase name="testQueryAllRowsWithEmptyTableNameThrows" classname="repository.BudgetRepositoryTests" time="0.004">
    <failure message="Should throw IllegalArgumentException for empty table name ==&gt; Unexpected exception type thrown, expected: &lt;java.lang.IllegalArgumentException&gt; but was: &lt;org.springframework.dao.InvalidDataAccessApiUsageException&gt;" type="org.opentest4j.AssertionFailedError"><![CDATA[org.opentest4j.AssertionFailedError: Should throw IllegalArgumentException for empty table name ==> Unexpected exception type thrown, expected: <java.lang.IllegalArgumentException> but was: <org.springframework.dao.InvalidDataAccessApiUsageException>
	at org.junit.jupiter.api.AssertionFailureBuilder.build(AssertionFailureBuilder.java:151)
	at org.junit.jupiter.api.AssertThrows.assertThrows(AssertThrows.java:67)
	at org.junit.jupiter.api.AssertThrows.assertThrows(AssertThrows.java:39)
	at org.junit.jupiter.api.Assertions.assertThrows(Assertions.java:3131)
	at repository.BudgetRepositoryTests.testQueryAllRowsWithEmptyTableNameThrows(BudgetRepositoryTests.java:50)
	at java.base/java.lang.reflect.Method.invoke(Method.java:565)
	at java.base/java.util.ArrayList.forEach(ArrayList.java:1604)
	at java.base/java.util.ArrayList.forEach(ArrayList.java:1604)
Caused by: org.springframework.dao.InvalidDataAccessApiUsageException: Table name must not be null or empty
	at org.springframework.orm.jpa.EntityManagerFactoryUtils.convertJpaAccessExceptionIfPossible(EntityManagerFactoryUtils.java:371)
	at org.springframework.orm.jpa.vendor.HibernateJpaDialect.translateExceptionIfPossible(HibernateJpaDialect.java:246)
	at org.springframework.orm.jpa.AbstractEntityManagerFactoryBean.translateExceptionIfPossible(AbstractEntityManagerFactoryBean.java:550)
	at org.springframework.dao.support.ChainedPersistenceExceptionTranslator.translateExceptionIfPossible(ChainedPersistenceExceptionTranslator.java:61)
	at org.springframework.dao.support.DataAccessUtils.translateIfNecessary(DataAccessUtils.java:335)
	at org.springframework.dao.support.PersistenceExceptionTranslationInterceptor.invoke(PersistenceExceptionTranslationInterceptor.java:152)
	at org.springframework.aop.framework.ReflectiveMethodInvocation.proceed(ReflectiveMethodInvocation.java:184)
	at org.springframework.aop.framework.CglibAopProxy$CglibMethodInvocation.proceed(CglibAopProxy.java:768)
	at org.springframework.aop.framework.CglibAopProxy$DynamicAdvisedInterceptor.intercept(CglibAopProxy.java:720)
	at repository.BudgetRepository$$SpringCGLIB$$0.queryAllRows(<generated>)
	at repository.BudgetRepositoryTests.lambda$testQueryAllRowsWithEmptyTableNameThrows$0(BudgetRepositoryTests.java:50)
	at org.junit.jupiter.api.AssertThrows.assertThrows(AssertThrows.java:53)
	... 6 more
Caused by: java.lang.IllegalArgumentException: Table name must not be null or empty
	at repository.BudgetRepository.queryAllRows(BudgetRepository.java:25)
	at java.base/jdk.internal.reflect.DirectMethodHandleAccessor.invoke(DirectMethodHandleAccessor.java:104)
	at java.base/java.lang.reflect.Method.invoke(Method.java:565)
	at org.springframework.aop.support.AopUtils.invokeJoinpointUsingReflection(AopUtils.java:354)
	at org.springframework.aop.framework.ReflectiveMethodInvocation.invokeJoinpoint(ReflectiveMethodInvocation.java:196)
	at org.springframework.aop.framework.ReflectiveMethodInvocation.proceed(ReflectiveMethodInvocation.java:163)
	at org.springframework.aop.framework.CglibAopProxy$CglibMethodInvocation.proceed(CglibAopProxy.java:768)
	at org.springframework.dao.support.PersistenceExceptionTranslationInterceptor.invoke(PersistenceExceptionTranslationInterceptor.java:137)
	... 12 more
]]></failure>
  </testcase>
  <testcase name="testQueryAllRowsFromExpensesTable" classname="repository.BudgetRepositoryTests" time="0.002">
    <system-out><![CDATA[Executing SQL: SELECT * FROM expenses
]]></system-out>
  </testcase>
  <testcase name="testQueryAllRowsWithNullTableNameThrows" classname="repository.BudgetRepositoryTests" time="0.003">
    <failure message="Should throw IllegalArgumentException for null table name ==&gt; Unexpected exception type thrown, expected: &lt;java.lang.IllegalArgumentException&gt; but was: &lt;org.springframework.dao.InvalidDataAccessApiUsageException&gt;" type="org.opentest4j.AssertionFailedError"><![CDATA[org.opentest4j.AssertionFailedError: Should throw IllegalArgumentException for null table name ==> Unexpected exception type thrown, expected: <java.lang.IllegalArgumentException> but was: <org.springframework.dao.InvalidDataAccessApiUsageException>
	at org.junit.jupiter.api.AssertionFailureBuilder.build(AssertionFailureBuilder.java:151)
	at org.junit.jupiter.api.AssertThrows.assertThrows(AssertThrows.java:67)
	at org.junit.jupiter.api.AssertThrows.assertThrows(AssertThrows.java:39)
	at org.junit.jupiter.api.Assertions.assertThrows(Assertions.java:3131)
	at repository.BudgetRepositoryTests.testQueryAllRowsWithNullTableNameThrows(BudgetRepositoryTests.java:45)
	at java.base/java.lang.reflect.Method.invoke(Method.java:565)
	at java.base/java.util.ArrayList.forEach(ArrayList.java:1604)
	at java.base/java.util.ArrayList.forEach(ArrayList.java:1604)
Caused by: org.springframework.dao.InvalidDataAccessApiUsageException: Table name must not be null or empty
	at org.springframework.orm.jpa.EntityManagerFactoryUtils.convertJpaAccessExceptionIfPossible(EntityManagerFactoryUtils.java:371)
	at org.springframework.orm.jpa.vendor.HibernateJpaDialect.translateExceptionIfPossible(HibernateJpaDialect.java:246)
	at org.springframework.orm.jpa.AbstractEntityManagerFactoryBean.translateExceptionIfPossible(AbstractEntityManagerFactoryBean.java:550)
	at org.springframework.dao.support.ChainedPersistenceExceptionTranslator.translateExceptionIfPossible(ChainedPersistenceExceptionTranslator.java:61)
	at org.springframework.dao.support.DataAccessUtils.translateIfNecessary(DataAccessUtils.java:335)
	at org.springframework.dao.support.PersistenceExceptionTranslationInterceptor.invoke(PersistenceExceptionTranslationInterceptor.java:152)
	at org.springframework.aop.framework.ReflectiveMethodInvocation.proceed(ReflectiveMethodInvocation.java:184)
	at org.springframework.aop.framework.CglibAopProxy$CglibMethodInvocation.proceed(CglibAopProxy.java:768)
	at org.springframework.aop.framework.CglibAopProxy$DynamicAdvisedInterceptor.intercept(CglibAopProxy.java:720)
	at repository.BudgetRepository$$SpringCGLIB$$0.queryAllRows(<generated>)
	at repository.BudgetRepositoryTests.lambda$testQueryAllRowsWithNullTableNameThrows$0(BudgetRepositoryTests.java:45)
	at org.junit.jupiter.api.AssertThrows.assertThrows(AssertThrows.java:53)
	... 6 more
Caused by: java.lang.IllegalArgumentException: Table name must not be null or empty
	at repository.BudgetRepository.queryAllRows(BudgetRepository.java:25)
	at java.base/jdk.internal.reflect.DirectMethodHandleAccessor.invoke(DirectMethodHandleAccessor.java:104)
	at java.base/java.lang.reflect.Method.invoke(Method.java:565)
	at org.springframework.aop.support.AopUtils.invokeJoinpointUsingReflection(AopUtils.java:354)
	at org.springframework.aop.framework.ReflectiveMethodInvocation.invokeJoinpoint(ReflectiveMethodInvocation.java:196)
	at org.springframework.aop.framework.ReflectiveMethodInvocation.proceed(ReflectiveMethodInvocation.java:163)
	at org.springframework.aop.framework.CglibAopProxy$CglibMethodInvocation.proceed(CglibAopProxy.java:768)
	at org.springframework.dao.support.PersistenceExceptionTranslationInterceptor.invoke(PersistenceExceptionTranslationInterceptor.java:137)
	... 12 more
]]></failure>
  </testcase>
</testsuite>